This file contains any messages produced by compilers while
running configure, to aid debugging if configure makes a mistake.

It was created by fob configure 1.0.2, which was
generated by GNU Autoconf 2.57.  Invocation command line was

  $ ./configure 

## --------- ##
## Platform. ##
## --------- ##

hostname = localhost
uname -m = i686
uname -r = 2.4.22-21mdksmp
uname -s = Linux
uname -v = #1 SMP Fri Oct 24 17:51:28 MDT 2003

/usr/bin/uname -p = unknown
/bin/uname -X     = unknown

/bin/arch              = i686
/usr/bin/arch -k       = unknown
/usr/convex/getsysinfo = unknown
hostinfo               = unknown
/bin/machine           = unknown
/usr/bin/oslevel       = unknown
/bin/universe          = unknown

PATH: /usr/local/qt/bin
PATH: /usr/local/tmake/bin
PATH: /usr/local/acrobat/bin
PATH: /usr/local/blender
PATH: /usr/local/bin
PATH: /sbin
PATH: /usr/sbin
PATH: /bin
PATH: /usr/bin
PATH: /usr/X11R6/bin


## ----------- ##
## Core tests. ##
## ----------- ##

configure:1540: checking for a BSD-compatible install
configure:1594: result: /usr/bin/install -c
configure:1605: checking whether build environment is sane
configure:1648: result: yes
configure:1681: checking for gawk
configure:1697: found /bin/gawk
configure:1707: result: gawk
configure:1717: checking whether make sets $(MAKE)
configure:1737: result: yes
configure:1946: checking for gcc
configure:1962: found /usr/bin/gcc
configure:1972: result: gcc
configure:2216: checking for C compiler version
configure:2219: gcc --version </dev/null >&5
gcc (GCC) 3.3.1 (Mandrake Linux 9.2 3.3.1-2mdk)
Copyright (C) 2003 Free Software Foundation, Inc.
This is free software; see the source for copying conditions.  There is NO
warranty; not even for MERCHANTABILITY or FITNESS FOR A PARTICULAR PURPOSE.

configure:2222: $? = 0
configure:2224: gcc -v </dev/null >&5
Reading specs from /usr/lib/gcc-lib/i586-mandrake-linux-gnu/3.3.1/specs
Configured with: ../configure --prefix=/usr --libdir=/usr/lib --with-slibdir=/lib --mandir=/usr/share/man --infodir=/usr/share/info --enable-shared --enable-threads=posix --disable-checking --enable-long-long --enable-__cxa_atexit --enable-languages=c,c++,ada,f77,objc,java,pascal --host=i586-mandrake-linux-gnu --with-system-zlib
Thread model: posix
gcc version 3.3.1 (Mandrake Linux 9.2 3.3.1-2mdk)
configure:2227: $? = 0
configure:2229: gcc -V </dev/null >&5
gcc: `-V' option must have argument
configure:2232: $? = 1
configure:2256: checking for C compiler default output
configure:2259: gcc    conftest.c  >&5
configure:2262: $? = 0
configure:2308: result: a.out
configure:2313: checking whether the C compiler works
configure:2319: ./a.out
configure:2322: $? = 0
configure:2339: result: yes
configure:2346: checking whether we are cross compiling
configure:2348: result: no
configure:2351: checking for suffix of executables
configure:2353: gcc -o conftest    conftest.c  >&5
configure:2356: $? = 0
configure:2381: result: 
configure:2387: checking for suffix of object files
configure:2409: gcc -c   conftest.c >&5
configure:2412: $? = 0
configure:2434: result: o
configure:2438: checking whether we are using the GNU C compiler
configure:2463: gcc -c   conftest.c >&5
configure:2466: $? = 0
configure:2469: test -s conftest.o
configure:2472: $? = 0
configure:2485: result: yes
configure:2491: checking whether gcc accepts -g
configure:2513: gcc -c -g  conftest.c >&5
configure:2516: $? = 0
configure:2519: test -s conftest.o
configure:2522: $? = 0
configure:2533: result: yes
configure:2550: checking for gcc option to accept ANSI C
configure:2611: gcc  -c -g -O2  conftest.c >&5
configure:2614: $? = 0
configure:2617: test -s conftest.o
configure:2620: $? = 0
configure:2638: result: none needed
configure:2656: gcc -c -g -O2  conftest.c >&5
conftest.c:2: error: syntax error before "me"
configure:2659: $? = 1
configure: failed program was:
| #ifndef __cplusplus
|   choke me
| #endif
configure:2787: checking for style of include used by make
configure:2815: result: GNU
configure:2843: checking dependency style of gcc
configure:2905: result: gcc3
configure:2915: checking how to run the C preprocessor
configure:2951: gcc -E  conftest.c
configure:2957: $? = 0
configure:2989: gcc -E  conftest.c
configure:2993:28: ac_nonexistent.h: No such file or directory
configure:2995: $? = 1
configure: failed program was:
| #line 2980 "configure"
| /* confdefs.h.  */
| 
| #define PACKAGE_NAME "fob"
| #define PACKAGE_TARNAME "fob"
| #define PACKAGE_VERSION "1.0.2"
| #define PACKAGE_STRING "fob 1.0.2"
| #define PACKAGE_BUGREPORT ""
| #define FOB_MAJOR_VERSION 1
| #define FOB_MINOR_VERSION 0
| #define FOB_MICRO_VERSION 2
| #define PACKAGE "fob"
| #define VERSION "1.0.2"
| /* end confdefs.h.  */
| #include <ac_nonexistent.h>
configure:3033: result: gcc -E
configure:3058: gcc -E  conftest.c
configure:3064: $? = 0
configure:3096: gcc -E  conftest.c
configure:3100:28: ac_nonexistent.h: No such file or directory
configure:3102: $? = 1
configure: failed program was:
| #line 3087 "configure"
| /* confdefs.h.  */
| 
| #define PACKAGE_NAME "fob"
| #define PACKAGE_TARNAME "fob"
| #define PACKAGE_VERSION "1.0.2"
| #define PACKAGE_STRING "fob 1.0.2"
| #define PACKAGE_BUGREPORT ""
| #define FOB_MAJOR_VERSION 1
| #define FOB_MINOR_VERSION 0
| #define FOB_MICRO_VERSION 2
| #define PACKAGE "fob"
| #define VERSION "1.0.2"
| /* end confdefs.h.  */
| #include <ac_nonexistent.h>
configure:3151: checking build system type
configure:3169: result: i686-pc-linux-gnu
configure:3177: checking host system type
configure:3191: result: i686-pc-linux-gnu
configure:3290: checking for ld used by GCC
configure:3353: result: /usr/bin/ld
configure:3362: checking if the linker (/usr/bin/ld) is GNU ld
GNU ld version 2.14.90.0.5 20030722
configure:3374: result: yes
configure:3379: checking for /usr/bin/ld option to reload object files
configure:3386: result: -r
configure:3391: checking for BSD-compatible nm
configure:3427: result: /usr/bin/nm -B
configure:3430: checking for a sed that does not truncate output
configure:3512: result: /bin/sed
configure:3515: checking whether ln -s works
configure:3519: result: yes
configure:3526: checking how to recognise dependent libraries
configure:3707: result: pass_all
configure:3720: checking command to parse /usr/bin/nm -B output
configure:3804: gcc -c -g -O2  conftest.c >&5
configure:3807: $? = 0
configure:3811: /usr/bin/nm -B conftest.o \| sed -n -e 's/^.*[ 	]\([ABCDGISTW][ABCDGISTW]*\)[ 	][ 	]*\(\)\([_A-Za-z][_A-Za-z0-9]*\)$/\1 \2\3 \3/p' \> conftest.nm
configure:3814: $? = 0
configure:3866: gcc -o conftest -g -O2   conftest.c conftstm.o >&5
configure:3869: $? = 0
configure:3913: result: ok
configure:3918: checking for egrep
configure:3928: result: grep -E
configure:3933: checking for ANSI C header files
configure:3959: gcc -c -g -O2  conftest.c >&5
configure:3962: $? = 0
configure:3965: test -s conftest.o
configure:3968: $? = 0
configure:4057: gcc -o conftest -g -O2   conftest.c  >&5
configure:4060: $? = 0
configure:4062: ./conftest
configure:4065: $? = 0
configure:4080: result: yes
configure:4104: checking for sys/types.h
configure:4121: gcc -c -g -O2  conftest.c >&5
configure:4124: $? = 0
configure:4127: test -s conftest.o
configure:4130: $? = 0
configure:4141: result: yes
configure:4104: checking for sys/stat.h
configure:4121: gcc -c -g -O2  conftest.c >&5
configure:4124: $? = 0
configure:4127: test -s conftest.o
configure:4130: $? = 0
configure:4141: result: yes
configure:4104: checking for stdlib.h
configure:4121: gcc -c -g -O2  conftest.c >&5
configure:4124: $? = 0
configure:4127: test -s conftest.o
configure:4130: $? = 0
configure:4141: result: yes
configure:4104: checking for string.h
configure:4121: gcc -c -g -O2  conftest.c >&5
configure:4124: $? = 0
configure:4127: test -s conftest.o
configure:4130: $? = 0
configure:4141: result: yes
configure:4104: checking for memory.h
configure:4121: gcc -c -g -O2  conftest.c >&5
configure:4124: $? = 0
configure:4127: test -s conftest.o
configure:4130: $? = 0
configure:4141: result: yes
configure:4104: checking for strings.h
configure:4121: gcc -c -g -O2  conftest.c >&5
configure:4124: $? = 0
configure:4127: test -s conftest.o
configure:4130: $? = 0
configure:4141: result: yes
configure:4104: checking for inttypes.h
configure:4121: gcc -c -g -O2  conftest.c >&5
configure:4124: $? = 0
configure:4127: test -s conftest.o
configure:4130: $? = 0
configure:4141: result: yes
configure:4104: checking for stdint.h
configure:4121: gcc -c -g -O2  conftest.c >&5
configure:4124: $? = 0
configure:4127: test -s conftest.o
configure:4130: $? = 0
configure:4141: result: yes
configure:4104: checking for unistd.h
configure:4121: gcc -c -g -O2  conftest.c >&5
configure:4124: $? = 0
configure:4127: test -s conftest.o
configure:4130: $? = 0
configure:4141: result: yes
configure:4167: checking dlfcn.h usability
configure:4180: gcc -c -g -O2  conftest.c >&5
configure:4183: $? = 0
configure:4186: test -s conftest.o
configure:4189: $? = 0
configure:4199: result: yes
configure:4203: checking dlfcn.h presence
configure:4214: gcc -E  conftest.c
configure:4220: $? = 0
configure:4239: result: yes
configure:4275: checking for dlfcn.h
configure:4282: result: yes
configure:4480: checking for ranlib
configure:4496: found /usr/bin/ranlib
configure:4507: result: ranlib
configure:4560: checking for strip
configure:4576: found /usr/bin/strip
configure:4587: result: strip
configure:4797: checking for objdir
configure:4808: result: .libs
configure:4825: checking for gcc option to produce PIC
configure:4971: result: -fPIC
configure:4975: checking if gcc PIC flag -fPIC works
configure:4999: gcc -c -g -O2 -fPIC -DPIC  conftest.c >&5
configure:5002: $? = 0
configure:5005: test -s conftest.o
configure:5008: $? = 0
configure:5046: result: yes
configure:5062: checking if gcc static flag -static works
configure:5087: gcc -o conftest -g -O2   -static conftest.c  >&5
/usr/bin/ld: cannot find -lc
collect2: ld returned 1 exit status
configure:5090: $? = 1
configure: failed program was:
| #line 5070 "configure"
| /* confdefs.h.  */
| 
| #define PACKAGE_NAME "fob"
| #define PACKAGE_TARNAME "fob"
| #define PACKAGE_VERSION "1.0.2"
| #define PACKAGE_STRING "fob 1.0.2"
| #define PACKAGE_BUGREPORT ""
| #define FOB_MAJOR_VERSION 1
| #define FOB_MINOR_VERSION 0
| #define FOB_MICRO_VERSION 2
| #define PACKAGE "fob"
| #define VERSION "1.0.2"
| #define STDC_HEADERS 1
| #define HAVE_SYS_TYPES_H 1
| #define HAVE_SYS_STAT_H 1
| #define HAVE_STDLIB_H 1
| #define HAVE_STRING_H 1
| #define HAVE_MEMORY_H 1
| #define HAVE_STRINGS_H 1
| #define HAVE_INTTYPES_H 1
| #define HAVE_STDINT_H 1
| #define HAVE_UNISTD_H 1
| #define HAVE_DLFCN_H 1
| /* end confdefs.h.  */
| 
| int
| main ()
| {
| 
|   ;
|   return 0;
| }
configure:5112: result: no
configure:5124: checking if gcc supports -c -o file.o
configure:5147: gcc -c -g -O2 -o out/conftest2.o  conftest.c >&5
configure:5168: result: yes
configure:5173: checking if gcc supports -c -o file.lo
configure:5201: gcc -c -g -O2 -c -o conftest.lo  conftest.c >&5
configure:5204: $? = 0
configure:5207: test -s conftest.lo
configure:5210: $? = 0
configure:5232: result: yes
configure:5263: checking if gcc supports -fno-rtti -fno-exceptions
configure:5286: gcc -c -g -O2 -fno-rtti -fno-exceptions -c conftest.c  conftest.c >&5
cc1: warning: "-fno-rtti" is valid for C++ but not for C/ObjC
cc1: warning: "-fno-rtti" is valid for C++ but not for C/ObjC
configure:5289: $? = 0
configure:5292: test -s conftest.o
configure:5295: $? = 0
configure:5312: result: yes
configure:5323: checking whether the linker (/usr/bin/ld) supports shared libraries
configure:6018: result: yes
configure:6023: checking how to hardcode library paths into programs
configure:6047: result: immediate
configure:6052: checking whether stripping libraries is possible
configure:6057: result: yes
configure:6068: checking dynamic linker characteristics
configure:6499: result: GNU/Linux ld.so
configure:6504: checking if libtool supports shared libraries
configure:6506: result: yes
configure:6509: checking whether to build shared libraries
configure:6530: result: yes
configure:6533: checking whether to build static libraries
configure:6537: result: yes
configure:7211: checking whether -lc should be explicitly linked in
configure:7219: gcc -c -g -O2  conftest.c >&5
configure:7222: $? = 0
configure:7236: gcc -shared conftest.o  -v -Wl,-soname -Wl,conftest -o conftest 2\>\&1 \| grep  -lc  \>/dev/null 2\>\&1
configure:7239: $? = 0
configure:7252: result: no
configure:7830: checking for gm4
configure:7859: result: no
configure:7830: checking for m4
configure:7846: found /usr/bin/m4
configure:7856: result: m4
configure:7867: checking if m4 is gnu m4 (required)
configure:7870: result: yes
configure:7933: checking for g++
configure:7949: found /usr/bin/g++
configure:7959: result: g++
configure:7975: checking for C++ compiler version
configure:7978: g++ --version </dev/null >&5
g++ (GCC) 3.3.1 (Mandrake Linux 9.2 3.3.1-2mdk)
Copyright (C) 2003 Free Software Foundation, Inc.
This is free software; see the source for copying conditions.  There is NO
warranty; not even for MERCHANTABILITY or FITNESS FOR A PARTICULAR PURPOSE.

configure:7981: $? = 0
configure:7983: g++ -v </dev/null >&5
Reading specs from /usr/lib/gcc-lib/i586-mandrake-linux-gnu/3.3.1/specs
Configured with: ../configure --prefix=/usr --libdir=/usr/lib --with-slibdir=/lib --mandir=/usr/share/man --infodir=/usr/share/info --enable-shared --enable-threads=posix --disable-checking --enable-long-long --enable-__cxa_atexit --enable-languages=c,c++,ada,f77,objc,java,pascal --host=i586-mandrake-linux-gnu --with-system-zlib
Thread model: posix
gcc version 3.3.1 (Mandrake Linux 9.2 3.3.1-2mdk)
configure:7986: $? = 0
configure:7988: g++ -V </dev/null >&5
g++: `-V' option must have argument
configure:7991: $? = 1
configure:7994: checking whether we are using the GNU C++ compiler
configure:8019: g++ -c   conftest.cc >&5
configure:8022: $? = 0
configure:8025: test -s conftest.o
configure:8028: $? = 0
configure:8041: result: yes
configure:8047: checking whether g++ accepts -g
configure:8069: g++ -c -g  conftest.cc >&5
configure:8072: $? = 0
configure:8075: test -s conftest.o
configure:8078: $? = 0
configure:8089: result: yes
configure:8133: g++ -c -g -O2  conftest.cc >&5
configure:8136: $? = 0
configure:8139: test -s conftest.o
configure:8142: $? = 0
configure:8169: g++ -c -g -O2  conftest.cc >&5
configure: In function `int main()':
configure:8180: error: `exit' undeclared (first use this function)
configure:8180: error: (Each undeclared identifier is reported only once for each function it appears in.)
configure:8172: $? = 1
configure: failed program was:
| #line 8152 "configure"
| /* confdefs.h.  */
| 
| #define PACKAGE_NAME "fob"
| #define PACKAGE_TARNAME "fob"
| #define PACKAGE_VERSION "1.0.2"
| #define PACKAGE_STRING "fob 1.0.2"
| #define PACKAGE_BUGREPORT ""
| #define FOB_MAJOR_VERSION 1
| #define FOB_MINOR_VERSION 0
| #define FOB_MICRO_VERSION 2
| #define PACKAGE "fob"
| #define VERSION "1.0.2"
| #define STDC_HEADERS 1
| #define HAVE_SYS_TYPES_H 1
| #define HAVE_SYS_STAT_H 1
| #define HAVE_STDLIB_H 1
| #define HAVE_STRING_H 1
| #define HAVE_MEMORY_H 1
| #define HAVE_STRINGS_H 1
| #define HAVE_INTTYPES_H 1
| #define HAVE_STDINT_H 1
| #define HAVE_UNISTD_H 1
| #define HAVE_DLFCN_H 1
| /* end confdefs.h.  */
| 
| int
| main ()
| {
| exit (42);
|   ;
|   return 0;
| }
configure:8133: g++ -c -g -O2  conftest.cc >&5
configure:8136: $? = 0
configure:8139: test -s conftest.o
configure:8142: $? = 0
configure:8169: g++ -c -g -O2  conftest.cc >&5
configure:8172: $? = 0
configure:8175: test -s conftest.o
configure:8178: $? = 0
configure:8203: checking dependency style of g++
configure:8265: result: gcc3
configure:8278: checking whether the compiler implements namespaces
configure:8308: g++ -c -g -O2  conftest.cc >&5
configure:8311: $? = 0
configure:8314: test -s conftest.o
configure:8317: $? = 0
configure:8335: result: yes
configure:8345: checking whether the compiler supports Standard Template Library
configure:8381: g++ -c -g -O2  conftest.cc >&5
configure:8384: $? = 0
configure:8387: test -s conftest.o
configure:8390: $? = 0
configure:8408: result: yes
configure:8418: checking whether the compiler supports ISO C++ standard library
configure:8455: g++ -c -g -O2  conftest.cc >&5
configure:8458: $? = 0
configure:8461: test -s conftest.o
configure:8464: $? = 0
configure:8482: result: yes
configure:8492: checking whether the compiler recognizes bool as a built-in type
configure:8526: g++ -c -g -O2  conftest.cc >&5
configure:8529: $? = 0
configure:8532: test -s conftest.o
configure:8535: $? = 0
configure:8553: result: yes
configure:8563: checking whether the compiler supports the mutable keyword
configure:8598: g++ -c -g -O2  conftest.cc >&5
configure:8601: $? = 0
configure:8604: test -s conftest.o
configure:8607: $? = 0
configure:8625: result: yes
configure:8774: checking for the pthreads library -lpthreads
configure:8813: gcc -o conftest -g -O2    conftest.c -lpthreads  >&5
/usr/bin/ld: cannot find -lpthreads
collect2: ld returned 1 exit status
configure:8816: $? = 1
configure: failed program was:
| #line 8794 "configure"
| /* confdefs.h.  */
| 
| #define PACKAGE_NAME "fob"
| #define PACKAGE_TARNAME "fob"
| #define PACKAGE_VERSION "1.0.2"
| #define PACKAGE_STRING "fob 1.0.2"
| #define PACKAGE_BUGREPORT ""
| #define FOB_MAJOR_VERSION 1
| #define FOB_MINOR_VERSION 0
| #define FOB_MICRO_VERSION 2
| #define PACKAGE "fob"
| #define VERSION "1.0.2"
| #define STDC_HEADERS 1
| #define HAVE_SYS_TYPES_H 1
| #define HAVE_SYS_STAT_H 1
| #define HAVE_STDLIB_H 1
| #define HAVE_STRING_H 1
| #define HAVE_MEMORY_H 1
| #define HAVE_STRINGS_H 1
| #define HAVE_INTTYPES_H 1
| #define HAVE_STDINT_H 1
| #define HAVE_UNISTD_H 1
| #define HAVE_DLFCN_H 1
| #ifdef __cplusplus
| #include <stdlib.h>
| #endif
| #define HAVE_NAMESPACES
| #define HAVE_STL
| #define HAVE_STD
| #define HAVE_BOOL
| #define HAVE_MUTABLE
| /* end confdefs.h.  */
| #include <pthread.h>
| int
| main ()
| {
| pthread_t th; pthread_join(th, 0);
|                      pthread_attr_init(0); pthread_cleanup_push(0, 0);
|                      pthread_create(0,0,0,0); pthread_cleanup_pop(0);
|   ;
|   return 0;
| }
configure:8835: result: no
configure:8763: checking whether pthreads work without any flags
configure:8813: gcc -o conftest -g -O2    conftest.c   >&5
/home/perms/grasset/tmp/ccoUZ1hQ.o(.text+0x13): In function `main':
/home/perms/grasset/ARV/SOURCES/LOWLEVEL/TRACKING/fob-1.0.2/configure:8830: undefined reference to `pthread_join'
/home/perms/grasset/tmp/ccoUZ1hQ.o(.text+0x2c):/home/perms/grasset/ARV/SOURCES/LOWLEVEL/TRACKING/fob-1.0.2/configure:8831: undefined reference to `_pthread_cleanup_push'
/home/perms/grasset/tmp/ccoUZ1hQ.o(.text+0x39):/home/perms/grasset/ARV/SOURCES/LOWLEVEL/TRACKING/fob-1.0.2/configure:8832: undefined reference to `pthread_create'
/home/perms/grasset/tmp/ccoUZ1hQ.o(.text+0x44):/home/perms/grasset/ARV/SOURCES/LOWLEVEL/TRACKING/fob-1.0.2/configure:8832: undefined reference to `_pthread_cleanup_pop'
collect2: ld returned 1 exit status
configure:8816: $? = 1
configure: failed program was:
| #line 8794 "configure"
| /* confdefs.h.  */
| 
| #define PACKAGE_NAME "fob"
| #define PACKAGE_TARNAME "fob"
| #define PACKAGE_VERSION "1.0.2"
| #define PACKAGE_STRING "fob 1.0.2"
| #define PACKAGE_BUGREPORT ""
| #define FOB_MAJOR_VERSION 1
| #define FOB_MINOR_VERSION 0
| #define FOB_MICRO_VERSION 2
| #define PACKAGE "fob"
| #define VERSION "1.0.2"
| #define STDC_HEADERS 1
| #define HAVE_SYS_TYPES_H 1
| #define HAVE_SYS_STAT_H 1
| #define HAVE_STDLIB_H 1
| #define HAVE_STRING_H 1
| #define HAVE_MEMORY_H 1
| #define HAVE_STRINGS_H 1
| #define HAVE_INTTYPES_H 1
| #define HAVE_STDINT_H 1
| #define HAVE_UNISTD_H 1
| #define HAVE_DLFCN_H 1
| #ifdef __cplusplus
| #include <stdlib.h>
| #endif
| #define HAVE_NAMESPACES
| #define HAVE_STL
| #define HAVE_STD
| #define HAVE_BOOL
| #define HAVE_MUTABLE
| /* end confdefs.h.  */
| #include <pthread.h>
| int
| main ()
| {
| pthread_t th; pthread_join(th, 0);
|                      pthread_attr_init(0); pthread_cleanup_push(0, 0);
|                      pthread_create(0,0,0,0); pthread_cleanup_pop(0);
|   ;
|   return 0;
| }
configure:8835: result: no
configure:8768: checking whether pthreads work with -Kthread
configure:8813: gcc -o conftest -g -O2 -Kthread   conftest.c   >&5
gcc: unrecognized option `-Kthread'
/home/perms/grasset/tmp/cchEWb8j.o(.text+0x13): In function `main':
/home/perms/grasset/ARV/SOURCES/LOWLEVEL/TRACKING/fob-1.0.2/configure:8830: undefined reference to `pthread_join'
/home/perms/grasset/tmp/cchEWb8j.o(.text+0x2c):/home/perms/grasset/ARV/SOURCES/LOWLEVEL/TRACKING/fob-1.0.2/configure:8831: undefined reference to `_pthread_cleanup_push'
/home/perms/grasset/tmp/cchEWb8j.o(.text+0x39):/home/perms/grasset/ARV/SOURCES/LOWLEVEL/TRACKING/fob-1.0.2/configure:8832: undefined reference to `pthread_create'
/home/perms/grasset/tmp/cchEWb8j.o(.text+0x44):/home/perms/grasset/ARV/SOURCES/LOWLEVEL/TRACKING/fob-1.0.2/configure:8832: undefined reference to `_pthread_cleanup_pop'
collect2: ld returned 1 exit status
configure:8816: $? = 1
configure: failed program was:
| #line 8794 "configure"
| /* confdefs.h.  */
| 
| #define PACKAGE_NAME "fob"
| #define PACKAGE_TARNAME "fob"
| #define PACKAGE_VERSION "1.0.2"
| #define PACKAGE_STRING "fob 1.0.2"
| #define PACKAGE_BUGREPORT ""
| #define FOB_MAJOR_VERSION 1
| #define FOB_MINOR_VERSION 0
| #define FOB_MICRO_VERSION 2
| #define PACKAGE "fob"
| #define VERSION "1.0.2"
| #define STDC_HEADERS 1
| #define HAVE_SYS_TYPES_H 1
| #define HAVE_SYS_STAT_H 1
| #define HAVE_STDLIB_H 1
| #define HAVE_STRING_H 1
| #define HAVE_MEMORY_H 1
| #define HAVE_STRINGS_H 1
| #define HAVE_INTTYPES_H 1
| #define HAVE_STDINT_H 1
| #define HAVE_UNISTD_H 1
| #define HAVE_DLFCN_H 1
| #ifdef __cplusplus
| #include <stdlib.h>
| #endif
| #define HAVE_NAMESPACES
| #define HAVE_STL
| #define HAVE_STD
| #define HAVE_BOOL
| #define HAVE_MUTABLE
| /* end confdefs.h.  */
| #include <pthread.h>
| int
| main ()
| {
| pthread_t th; pthread_join(th, 0);
|                      pthread_attr_init(0); pthread_cleanup_push(0, 0);
|                      pthread_create(0,0,0,0); pthread_cleanup_pop(0);
|   ;
|   return 0;
| }
configure:8835: result: no
configure:8768: checking whether pthreads work with -kthread
configure:8813: gcc -o conftest -g -O2 -kthread   conftest.c   >&5
gcc: unrecognized option `-kthread'
/home/perms/grasset/tmp/ccuiDSPP.o(.text+0x13): In function `main':
/home/perms/grasset/ARV/SOURCES/LOWLEVEL/TRACKING/fob-1.0.2/configure:8830: undefined reference to `pthread_join'
/home/perms/grasset/tmp/ccuiDSPP.o(.text+0x2c):/home/perms/grasset/ARV/SOURCES/LOWLEVEL/TRACKING/fob-1.0.2/configure:8831: undefined reference to `_pthread_cleanup_push'
/home/perms/grasset/tmp/ccuiDSPP.o(.text+0x39):/home/perms/grasset/ARV/SOURCES/LOWLEVEL/TRACKING/fob-1.0.2/configure:8832: undefined reference to `pthread_create'
/home/perms/grasset/tmp/ccuiDSPP.o(.text+0x44):/home/perms/grasset/ARV/SOURCES/LOWLEVEL/TRACKING/fob-1.0.2/configure:8832: undefined reference to `_pthread_cleanup_pop'
collect2: ld returned 1 exit status
configure:8816: $? = 1
configure: failed program was:
| #line 8794 "configure"
| /* confdefs.h.  */
| 
| #define PACKAGE_NAME "fob"
| #define PACKAGE_TARNAME "fob"
| #define PACKAGE_VERSION "1.0.2"
| #define PACKAGE_STRING "fob 1.0.2"
| #define PACKAGE_BUGREPORT ""
| #define FOB_MAJOR_VERSION 1
| #define FOB_MINOR_VERSION 0
| #define FOB_MICRO_VERSION 2
| #define PACKAGE "fob"
| #define VERSION "1.0.2"
| #define STDC_HEADERS 1
| #define HAVE_SYS_TYPES_H 1
| #define HAVE_SYS_STAT_H 1
| #define HAVE_STDLIB_H 1
| #define HAVE_STRING_H 1
| #define HAVE_MEMORY_H 1
| #define HAVE_STRINGS_H 1
| #define HAVE_INTTYPES_H 1
| #define HAVE_STDINT_H 1
| #define HAVE_UNISTD_H 1
| #define HAVE_DLFCN_H 1
| #ifdef __cplusplus
| #include <stdlib.h>
| #endif
| #define HAVE_NAMESPACES
| #define HAVE_STL
| #define HAVE_STD
| #define HAVE_BOOL
| #define HAVE_MUTABLE
| /* end confdefs.h.  */
| #include <pthread.h>
| int
| main ()
| {
| pthread_t th; pthread_join(th, 0);
|                      pthread_attr_init(0); pthread_cleanup_push(0, 0);
|                      pthread_create(0,0,0,0); pthread_cleanup_pop(0);
|   ;
|   return 0;
| }
configure:8835: result: no
configure:8774: checking for the pthreads library -llthread
configure:8813: gcc -o conftest -g -O2    conftest.c -llthread  >&5
/usr/bin/ld: cannot find -llthread
collect2: ld returned 1 exit status
configure:8816: $? = 1
configure: failed program was:
| #line 8794 "configure"
| /* confdefs.h.  */
| 
| #define PACKAGE_NAME "fob"
| #define PACKAGE_TARNAME "fob"
| #define PACKAGE_VERSION "1.0.2"
| #define PACKAGE_STRING "fob 1.0.2"
| #define PACKAGE_BUGREPORT ""
| #define FOB_MAJOR_VERSION 1
| #define FOB_MINOR_VERSION 0
| #define FOB_MICRO_VERSION 2
| #define PACKAGE "fob"
| #define VERSION "1.0.2"
| #define STDC_HEADERS 1
| #define HAVE_SYS_TYPES_H 1
| #define HAVE_SYS_STAT_H 1
| #define HAVE_STDLIB_H 1
| #define HAVE_STRING_H 1
| #define HAVE_MEMORY_H 1
| #define HAVE_STRINGS_H 1
| #define HAVE_INTTYPES_H 1
| #define HAVE_STDINT_H 1
| #define HAVE_UNISTD_H 1
| #define HAVE_DLFCN_H 1
| #ifdef __cplusplus
| #include <stdlib.h>
| #endif
| #define HAVE_NAMESPACES
| #define HAVE_STL
| #define HAVE_STD
| #define HAVE_BOOL
| #define HAVE_MUTABLE
| /* end confdefs.h.  */
| #include <pthread.h>
| int
| main ()
| {
| pthread_t th; pthread_join(th, 0);
|                      pthread_attr_init(0); pthread_cleanup_push(0, 0);
|                      pthread_create(0,0,0,0); pthread_cleanup_pop(0);
|   ;
|   return 0;
| }
configure:8835: result: no
configure:8768: checking whether pthreads work with -pthread
configure:8813: gcc -o conftest -g -O2 -pthread   conftest.c   >&5
configure:8816: $? = 0
configure:8819: test -s conftest
configure:8822: $? = 0
configure:8835: result: yes
configure:8855: checking for joinable pthread attribute
configure:8874: gcc -o conftest -g -O2 -pthread   conftest.c   >&5
configure:8877: $? = 0
configure:8880: test -s conftest
configure:8883: $? = 0
configure:8938: result: PTHREAD_CREATE_JOINABLE
configure:8945: checking if more special flags are required for pthreads
configure:8952: result: no
configure:8964: checking for cc_r
configure:8991: result: gcc
configure:9134: creating ./config.status

## ---------------------- ##
## Running config.status. ##
## ---------------------- ##

This file was extended by fob config.status 1.0.2, which was
generated by GNU Autoconf 2.57.  Invocation command line was

  CONFIG_FILES    = 
  CONFIG_HEADERS  = 
  CONFIG_LINKS    = 
  CONFIG_COMMANDS = 
  $ ./config.status 

on localhost

config.status:674: creating Makefile
config.status:674: creating fob.doxygen
config.status:674: creating fob/Makefile
config.status:674: creating test/Makefile
config.status:778: creating fob/config.h
config.status:1007: executing depfiles commands

## ---------------- ##
## Cache variables. ##
## ---------------- ##

ac_cv_build=i686-pc-linux-gnu
ac_cv_build_alias=i686-pc-linux-gnu
ac_cv_c_compiler_gnu=yes
ac_cv_cxx_bool=yes
ac_cv_cxx_compiler_gnu=yes
ac_cv_cxx_have_std=yes
ac_cv_cxx_have_stl=yes
ac_cv_cxx_mutable=yes
ac_cv_cxx_namespaces=yes
ac_cv_env_CC_set=
ac_cv_env_CC_value=
ac_cv_env_CFLAGS_set=
ac_cv_env_CFLAGS_value=
ac_cv_env_CPPFLAGS_set=
ac_cv_env_CPPFLAGS_value=
ac_cv_env_CPP_set=
ac_cv_env_CPP_value=
ac_cv_env_CXXFLAGS_set=
ac_cv_env_CXXFLAGS_value=
ac_cv_env_CXX_set=
ac_cv_env_CXX_value=
ac_cv_env_LDFLAGS_set=
ac_cv_env_LDFLAGS_value=
ac_cv_env_build_alias_set=
ac_cv_env_build_alias_value=
ac_cv_env_host_alias_set=
ac_cv_env_host_alias_value=
ac_cv_env_target_alias_set=
ac_cv_env_target_alias_value=
ac_cv_exeext=
ac_cv_header_dlfcn_h=yes
ac_cv_header_inttypes_h=yes
ac_cv_header_memory_h=yes
ac_cv_header_stdc=yes
ac_cv_header_stdint_h=yes
ac_cv_header_stdlib_h=yes
ac_cv_header_string_h=yes
ac_cv_header_strings_h=yes
ac_cv_header_sys_stat_h=yes
ac_cv_header_sys_types_h=yes
ac_cv_header_unistd_h=yes
ac_cv_host=i686-pc-linux-gnu
ac_cv_host_alias=i686-pc-linux-gnu
ac_cv_objext=o
ac_cv_path_install='/usr/bin/install -c'
ac_cv_prog_AWK=gawk
ac_cv_prog_CPP='gcc -E'
ac_cv_prog_M4=m4
ac_cv_prog_PTHREAD_CC=gcc
ac_cv_prog_ac_ct_CC=gcc
ac_cv_prog_ac_ct_CXX=g++
ac_cv_prog_ac_ct_RANLIB=ranlib
ac_cv_prog_ac_ct_STRIP=strip
ac_cv_prog_cc_g=yes
ac_cv_prog_cc_stdc=
ac_cv_prog_cxx_g=yes
ac_cv_prog_egrep='grep -E'
ac_cv_prog_make_make_set=yes
am_cv_CC_dependencies_compiler_type=gcc3
am_cv_CXX_dependencies_compiler_type=gcc3
lt_cv_archive_cmds_need_lc=no
lt_cv_compiler_c_o=yes
lt_cv_compiler_o_lo=yes
lt_cv_deplibs_check_method=pass_all
lt_cv_file_magic_cmd='$MAGIC_CMD'
lt_cv_file_magic_test_file='/lib/libc.so.6 /lib/libc-2.3.2.so'
lt_cv_global_symbol_to_c_name_address='sed -n -e '\''s/^: \([^ ]*\) $/  {\"\1\", (lt_ptr) 0},/p'\'' -e '\''s/^[BCDEGRST] \([^ ]*\) \([^ ]*\)$/  {"\2", (lt_ptr) \&\2},/p'\'''
lt_cv_global_symbol_to_cdecl='sed -n -e '\''s/^. .* \(.*\)$/extern char \1;/p'\'''
lt_cv_ld_reload_flag=-r
lt_cv_path_LD=/usr/bin/ld
lt_cv_path_NM='/usr/bin/nm -B'
lt_cv_path_SED=/bin/sed
lt_cv_prog_cc_can_build_shared=yes
lt_cv_prog_cc_no_builtin=
lt_cv_prog_cc_pic=' -fPIC'
lt_cv_prog_cc_pic_works=yes
lt_cv_prog_cc_shlib=
lt_cv_prog_cc_static=
lt_cv_prog_cc_static_works=no
lt_cv_prog_cc_wl=-Wl,
lt_cv_prog_gnu_ld=yes
lt_cv_sys_global_symbol_pipe='sed -n -e '\''s/^.*[ 	]\([ABCDGISTW][ABCDGISTW]*\)[ 	][ 	]*\(\)\([_A-Za-z][_A-Za-z0-9]*\)$/\1 \2\3 \3/p'\'''

## ----------------- ##
## Output variables. ##
## ----------------- ##

ACLOCAL='${SHELL} /home/perms/grasset/ARV/SOURCES/LOWLEVEL/TRACKING/fob-1.0.2/missing --run aclocal-1.6'
AMDEPBACKSLASH='\'
AMDEP_FALSE='#'
AMDEP_TRUE=''
AMTAR='${SHELL} /home/perms/grasset/ARV/SOURCES/LOWLEVEL/TRACKING/fob-1.0.2/missing --run tar'
AUTOCONF='${SHELL} /home/perms/grasset/ARV/SOURCES/LOWLEVEL/TRACKING/fob-1.0.2/missing --run autoconf'
AUTOHEADER='${SHELL} /home/perms/grasset/ARV/SOURCES/LOWLEVEL/TRACKING/fob-1.0.2/missing --run autoheader'
AUTOMAKE='${SHELL} /home/perms/grasset/ARV/SOURCES/LOWLEVEL/TRACKING/fob-1.0.2/missing --run automake-1.6'
AWK='gawk'
CC='gcc'
CCDEPMODE='depmode=gcc3'
CFLAGS='-g -O2'
CPP='gcc -E'
CPPFLAGS=''
CXX='g++'
CXXDEPMODE='depmode=gcc3'
CXXFLAGS='-g -O2'
DEFS='-DHAVE_CONFIG_H'
DEPDIR='.deps'
ECHO='echo'
ECHO_C=''
ECHO_N='-n'
ECHO_T=''
EGREP='grep -E'
EXEEXT=''
FOB_VERSION='1.0.2'
INSTALL_DATA='${INSTALL} -m 644'
INSTALL_PROGRAM='${INSTALL}'
INSTALL_SCRIPT='${INSTALL}'
INSTALL_STRIP_PROGRAM='${SHELL} $(install_sh) -c -s'
LDFLAGS=''
LIBFOB_SO_VERSION='2:0:2'
LIBOBJS=''
LIBS=''
LIBTOOL='$(SHELL) $(top_builddir)/libtool'
LN_S='ln -s'
LTLIBOBJS=''
M4='m4'
MAKEINFO='${SHELL} /home/perms/grasset/ARV/SOURCES/LOWLEVEL/TRACKING/fob-1.0.2/missing --run makeinfo'
OBJEXT='o'
PACKAGE='fob'
PACKAGE_BUGREPORT=''
PACKAGE_NAME='fob'
PACKAGE_STRING='fob 1.0.2'
PACKAGE_TARNAME='fob'
PACKAGE_VERSION='1.0.2'
PATH_SEPARATOR=':'
PTHREAD_CC='gcc'
PTHREAD_CFLAGS='-pthread'
PTHREAD_LIBS=''
RANLIB='ranlib'
SET_MAKE=''
SHELL='/bin/sh'
STRIP='strip'
VERSION='1.0.2'
ac_ct_CC='gcc'
ac_ct_CXX='g++'
ac_ct_RANLIB='ranlib'
ac_ct_STRIP='strip'
am__include='include'
am__quote=''
bindir='${exec_prefix}/bin'
build='i686-pc-linux-gnu'
build_alias=''
build_cpu='i686'
build_os='linux-gnu'
build_vendor='pc'
datadir='${prefix}/share'
exec_prefix='${prefix}'
host='i686-pc-linux-gnu'
host_alias=''
host_cpu='i686'
host_os='linux-gnu'
host_vendor='pc'
includedir='${prefix}/include'
infodir='${prefix}/info'
install_sh='/home/perms/grasset/ARV/SOURCES/LOWLEVEL/TRACKING/fob-1.0.2/install-sh'
libdir='${exec_prefix}/lib'
libexecdir='${exec_prefix}/libexec'
localstatedir='${prefix}/var'
mandir='${prefix}/man'
oldincludedir='/usr/include'
prefix='/usr/local'
program_transform_name='s,x,x,'
sbindir='${exec_prefix}/sbin'
sharedstatedir='${prefix}/com'
sysconfdir='${prefix}/etc'
target_alias=''

## ----------- ##
## confdefs.h. ##
## ----------- ##

#define FOB_MAJOR_VERSION 1
#define FOB_MICRO_VERSION 2
#define FOB_MINOR_VERSION 0
#define HAVE_BOOL
#define HAVE_DLFCN_H 1
#define HAVE_INTTYPES_H 1
#define HAVE_MEMORY_H 1
#define HAVE_MUTABLE
#define HAVE_NAMESPACES
#define HAVE_STD
#define HAVE_STDINT_H 1
#define HAVE_STDLIB_H 1
#define HAVE_STL
#define HAVE_STRINGS_H 1
#define HAVE_STRING_H 1
#define HAVE_SYS_STAT_H 1
#define HAVE_SYS_TYPES_H 1
#define HAVE_UNISTD_H 1
#define PACKAGE "fob"
#define PACKAGE_BUGREPORT ""
#define PACKAGE_NAME "fob"
#define PACKAGE_STRING "fob 1.0.2"
#define PACKAGE_TARNAME "fob"
#define PACKAGE_VERSION "1.0.2"
#define STDC_HEADERS 1
#define VERSION "1.0.2"
#endif
#ifdef __cplusplus
#include <stdlib.h>

configure: exit 0
